#
# There is insufficient memory for the Java Runtime Environment to continue.
# Native memory allocation (malloc) failed to allocate 2277936 bytes for Chunk::new
# Possible reasons:
#   The system is out of physical RAM or swap space
#   The process is running with CompressedOops enabled, and the Java Heap may be blocking the growth of the native heap
# Possible solutions:
#   Reduce memory load on the system
#   Increase physical memory or swap space
#   Check if swap backing store is full
#   Decrease Java heap size (-Xmx/-Xms)
#   Decrease number of Java threads
#   Decrease Java thread stack sizes (-Xss)
#   Set larger code cache with -XX:ReservedCodeCacheSize=
#   JVM is running with Unscaled Compressed Oops mode in which the Java heap is
#     placed in the first 4GB address space. The Java Heap base address is the
#     maximum limit for the native heap growth. Please use -XX:HeapBaseMinAddress
#     to set the Java Heap base and to place the Java Heap above 4GB virtual address.
# This output file may be truncated or incomplete.
#
#  Out of Memory Error (./src/hotspot/share/memory/arena.cpp:197), pid=4236, tid=16448
#
# JRE version: OpenJDK Runtime Environment (11.0.10) (build 11.0.10+0-b96-7249189)
# Java VM: OpenJDK 64-Bit Server VM (11.0.10+0-b96-7249189, mixed mode, tiered, compressed oops, g1 gc, windows-amd64)
# No core dump will be written. Minidumps are not enabled by default on client versions of Windows
#

---------------  S U M M A R Y ------------

Command Line: --add-opens=java.base/java.util=ALL-UNNAMED --add-opens=java.base/java.lang=ALL-UNNAMED --add-opens=java.base/java.lang.invoke=ALL-UNNAMED --add-opens=java.base/java.util=ALL-UNNAMED --add-opens=java.prefs/java.util.prefs=ALL-UNNAMED --add-opens=java.prefs/java.util.prefs=ALL-UNNAMED --add-opens=java.base/java.nio.charset=ALL-UNNAMED --add-opens=java.base/java.net=ALL-UNNAMED --add-opens=java.base/java.util.concurrent.atomic=ALL-UNNAMED -Xmx2048m -Dfile.encoding=UTF-8 -Duser.country=US -Duser.language=en -Duser.variant org.gradle.launcher.daemon.bootstrap.GradleDaemon 7.0.2

Host: Intel(R) Core(TM) i3-1005G1 CPU @ 1.20GHz, 4 cores, 7G,  Windows 10 , 64 bit Build 22000 (10.0.22000.434)
Time: Sat Jan 22 22:03:16 2022 West Asia Standard Time elapsed time: 600.861431 seconds (0d 0h 10m 0s)

---------------  T H R E A D  ---------------

Current thread (0x000001b6fef62000):  JavaThread "C2 CompilerThread0" daemon [_thread_in_native, id=16448, stack(0x00000089ab600000,0x00000089ab700000)]


Current CompileTask:
C2: 600861 19108       4       org.gradle.internal.component.model.AttributeConfigurationSelector::selectConfigurationUsingAttributeMatching (445 bytes)

Stack: [0x00000089ab600000,0x00000089ab700000]
Native frames: (J=compiled Java code, j=interpreted, Vv=VM code, C=native code)
V  [jvm.dll+0x5ecfaa]
V  [jvm.dll+0x722bd5]
V  [jvm.dll+0x72412d]
V  [jvm.dll+0x7247e3]
V  [jvm.dll+0x242928]
V  [jvm.dll+0xbc4fc]
V  [jvm.dll+0xbca0c]
V  [jvm.dll+0x352d7d]
V  [jvm.dll+0x19800c]
V  [jvm.dll+0x1fb70e]
V  [jvm.dll+0x1fa7f4]
V  [jvm.dll+0x18354c]
V  [jvm.dll+0x208ee7]
V  [jvm.dll+0x207731]
V  [jvm.dll+0x6eb1cf]
V  [jvm.dll+0x6e3d45]
V  [jvm.dll+0x5ebe96]
C  [ucrtbase.dll+0x26c0c]
C  [KERNEL32.DLL+0x154e0]
C  [ntdll.dll+0x485b]


---------------  P R O C E S S  ---------------

Threads class SMR info:
_java_thread_list=0x000001b682badc60, length=42, elements={
0x000001b6e736b000, 0x000001b6fef42800, 0x000001b6fef45800, 0x000001b6ff8d2800,
0x000001b6fef5f800, 0x000001b6fef60000, 0x000001b6fef62000, 0x000001b6fef65800,
0x000001b6ff919800, 0x000001b6ffa02800, 0x000001b683127800, 0x000001b683df1800,
0x000001b683c65000, 0x000001b68208a000, 0x000001b682084800, 0x000001b682087800,
0x000001b68208b000, 0x000001b682085000, 0x000001b682086000, 0x000001b682087000,
0x000001b6859f9800, 0x000001b6859fd800, 0x000001b6859f9000, 0x000001b6859fe800,
0x000001b685a02800, 0x000001b685a00000, 0x000001b6859fd000, 0x000001b6859fa800,
0x000001b6859fb800, 0x000001b685a02000, 0x000001b6859fc000, 0x000001b685a03800,
0x000001b685a05000, 0x000001b685a06000, 0x000001b685a06800, 0x000001b68b790800,
0x000001b68b78e000, 0x000001b68b791800, 0x000001b68b78d800, 0x000001b68b792800,
0x000001b68b78c800, 0x000001b68b793000
}

Java Threads: ( => current thread )
  0x000001b6e736b000 JavaThread "main" [_thread_blocked, id=11312, stack(0x00000089aaa00000,0x00000089aab00000)]
  0x000001b6fef42800 JavaThread "Reference Handler" daemon [_thread_blocked, id=17072, stack(0x00000089ab100000,0x00000089ab200000)]
  0x000001b6fef45800 JavaThread "Finalizer" daemon [_thread_blocked, id=15648, stack(0x00000089ab200000,0x00000089ab300000)]
  0x000001b6ff8d2800 JavaThread "Signal Dispatcher" daemon [_thread_blocked, id=13468, stack(0x00000089ab300000,0x00000089ab400000)]
  0x000001b6fef5f800 JavaThread "Attach Listener" daemon [_thread_blocked, id=9156, stack(0x00000089ab400000,0x00000089ab500000)]
  0x000001b6fef60000 JavaThread "Service Thread" daemon [_thread_blocked, id=19428, stack(0x00000089ab500000,0x00000089ab600000)]
=>0x000001b6fef62000 JavaThread "C2 CompilerThread0" daemon [_thread_in_native, id=16448, stack(0x00000089ab600000,0x00000089ab700000)]
  0x000001b6fef65800 JavaThread "C1 CompilerThread0" daemon [_thread_blocked, id=13840, stack(0x00000089ab700000,0x00000089ab800000)]
  0x000001b6ff919800 JavaThread "Sweeper thread" daemon [_thread_blocked, id=18464, stack(0x00000089ab800000,0x00000089ab900000)]
  0x000001b6ffa02800 JavaThread "Common-Cleaner" daemon [_thread_blocked, id=11972, stack(0x00000089ab900000,0x00000089aba00000)]
  0x000001b683127800 JavaThread "Daemon health stats" [_thread_blocked, id=8412, stack(0x00000089abd00000,0x00000089abe00000)]
  0x000001b683df1800 JavaThread "Incoming local TCP Connector on port 54318" [_thread_in_native, id=16452, stack(0x00000089abe00000,0x00000089abf00000)]
  0x000001b683c65000 JavaThread "Daemon periodic checks" [_thread_blocked, id=7836, stack(0x00000089ac000000,0x00000089ac100000)]
  0x000001b68208a000 JavaThread "Cache worker for file hash cache (C:\Users\Hud\.gradle\caches\7.0.2\fileHashes)" [_thread_blocked, id=3516, stack(0x00000089ac800000,0x00000089ac900000)]
  0x000001b682084800 JavaThread "File lock request listener" [_thread_in_native, id=12160, stack(0x00000089ac900000,0x00000089aca00000)]
  0x000001b682087800 JavaThread "Cache worker for journal cache (C:\Users\Hud\.gradle\caches\journal-1)" [_thread_blocked, id=9108, stack(0x00000089aca00000,0x00000089acb00000)]
  0x000001b68208b000 JavaThread "File watcher server" daemon [_thread_in_native, id=11620, stack(0x00000089acc00000,0x00000089acd00000)]
  0x000001b682085000 JavaThread "File watcher consumer" daemon [_thread_blocked, id=18632, stack(0x00000089acd00000,0x00000089ace00000)]
  0x000001b682086000 JavaThread "jar transforms" [_thread_blocked, id=9908, stack(0x00000089ace00000,0x00000089acf00000)]
  0x000001b682087000 JavaThread "jar transforms Thread 2" [_thread_blocked, id=12332, stack(0x00000089acf00000,0x00000089ad000000)]
  0x000001b6859f9800 JavaThread "jar transforms Thread 3" [_thread_blocked, id=6784, stack(0x00000089ad000000,0x00000089ad100000)]
  0x000001b6859fd800 JavaThread "jar transforms Thread 4" [_thread_blocked, id=17392, stack(0x00000089ad100000,0x00000089ad200000)]
  0x000001b6859f9000 JavaThread "Cache worker for execution history cache (C:\Users\Hud\.gradle\caches\7.0.2\executionHistory)" [_thread_blocked, id=4020, stack(0x00000089ad600000,0x00000089ad700000)]
  0x000001b6859fe800 JavaThread "Cache worker for file content cache (C:\Users\Hud\.gradle\caches\7.0.2\fileContent)" [_thread_blocked, id=16332, stack(0x00000089ad700000,0x00000089ad800000)]
  0x000001b685a02800 JavaThread "Memory manager" [_thread_blocked, id=18984, stack(0x00000089ade00000,0x00000089adf00000)]
  0x000001b685a00000 JavaThread "Daemon Thread 5" [_thread_blocked, id=20048, stack(0x00000089aa800000,0x00000089aa900000)]
  0x000001b6859fd000 JavaThread "Handler for socket connection from /127.0.0.1:54318 to /127.0.0.1:54639" [_thread_in_native, id=17936, stack(0x00000089aa900000,0x00000089aaa00000)]
  0x000001b6859fa800 JavaThread "Cancel handler" [_thread_blocked, id=7212, stack(0x00000089abf00000,0x00000089ac000000)]
  0x000001b6859fb800 JavaThread "Daemon worker Thread 5" [_thread_in_Java, id=7828, stack(0x00000089ac100000,0x00000089ac200000)]
  0x000001b685a02000 JavaThread "Asynchronous log dispatcher for DefaultDaemonConnection: socket connection from /127.0.0.1:54318 to /127.0.0.1:54639" [_thread_blocked, id=13404, stack(0x00000089ac200000,0x00000089ac300000)]
  0x000001b6859fc000 JavaThread "Stdin handler" [_thread_blocked, id=8196, stack(0x00000089ac300000,0x00000089ac400000)]
  0x000001b685a03800 JavaThread "Daemon client event forwarder" [_thread_blocked, id=5600, stack(0x00000089ac400000,0x00000089ac500000)]
  0x000001b685a05000 JavaThread "Cache worker for file hash cache (C:\Users\Hud\AndroidStudioProjects\NoteApp\.gradle\7.0.2\fileHashes)" [_thread_blocked, id=16524, stack(0x00000089ac500000,0x00000089ac600000)]
  0x000001b685a06000 JavaThread "Cache worker for checksums cache (C:\Users\Hud\AndroidStudioProjects\NoteApp\.gradle\checksums)" [_thread_blocked, id=19860, stack(0x00000089ac600000,0x00000089ac700000)]
  0x000001b685a06800 JavaThread "Cache worker for cache directory md-supplier (C:\Users\Hud\.gradle\caches\7.0.2\md-supplier)" [_thread_blocked, id=2872, stack(0x00000089acb00000,0x00000089acc00000)]
  0x000001b68b790800 JavaThread "Cache worker for cache directory md-rule (C:\Users\Hud\.gradle\caches\7.0.2\md-rule)" [_thread_blocked, id=12624, stack(0x00000089ad200000,0x00000089ad300000)]
  0x000001b68b78e000 JavaThread "Cache worker for dependencies-accessors (C:\Users\Hud\AndroidStudioProjects\NoteApp\.gradle\7.0.2\dependencies-accessors)" [_thread_blocked, id=19540, stack(0x00000089ad300000,0x00000089ad400000)]
  0x000001b68b791800 JavaThread "Cache worker for Build Output Cleanup Cache (C:\Users\Hud\AndroidStudioProjects\NoteApp\.gradle\buildOutputCleanup)" [_thread_blocked, id=19764, stack(0x00000089ad400000,0x00000089ad500000)]
  0x000001b68b78d800 JavaThread "Build operations" [_thread_blocked, id=13088, stack(0x00000089ad500000,0x00000089ad600000)]
  0x000001b68b792800 JavaThread "Build operations Thread 2" [_thread_blocked, id=8040, stack(0x00000089ad800000,0x00000089ad900000)]
  0x000001b68b78c800 JavaThread "Build operations Thread 3" [_thread_blocked, id=2188, stack(0x00000089ad900000,0x00000089ada00000)]
  0x000001b68b793000 JavaThread "Build operations Thread 4" [_thread_blocked, id=19608, stack(0x00000089ada00000,0x00000089adb00000)]

Other Threads:
  0x000001b6fef40000 VMThread "VM Thread" [stack: 0x00000089ab000000,0x00000089ab100000] [id=4268]
  0x000001b6ffa51800 WatcherThread [stack: 0x00000089aba00000,0x00000089abb00000] [id=10764]
  0x000001b6e7384800 GCTaskThread "GC Thread#0" [stack: 0x00000089aab00000,0x00000089aac00000] [id=14472]
  0x000001b682605000 GCTaskThread "GC Thread#1" [stack: 0x00000089abb00000,0x00000089abc00000] [id=5152]
  0x000001b6825a3000 GCTaskThread "GC Thread#2" [stack: 0x00000089abc00000,0x00000089abd00000] [id=15708]
  0x000001b68369b000 GCTaskThread "GC Thread#3" [stack: 0x00000089ac700000,0x00000089ac800000] [id=18676]
  0x000001b6e73b5000 ConcurrentGCThread "G1 Main Marker" [stack: 0x00000089aac00000,0x00000089aad00000] [id=1780]
  0x000001b6e73b6800 ConcurrentGCThread "G1 Conc#0" [stack: 0x00000089aad00000,0x00000089aae00000] [id=7188]
  0x000001b6e7449000 ConcurrentGCThread "G1 Refine#0" [stack: 0x00000089aae00000,0x00000089aaf00000] [id=19256]
  0x000001b6e744a000 ConcurrentGCThread "G1 Young RemSet Sampling" [stack: 0x00000089aaf00000,0x00000089ab000000] [id=12168]

Threads with active compile tasks:
C2 CompilerThread0 600898 19108       4       org.gradle.internal.component.model.AttributeConfigurationSelector::selectConfigurationUsingAttributeMatching (445 bytes)

VM state:not at safepoint (normal execution)

VM Mutex/Monitor currently owned by a thread: None

Heap address: 0x0000000080000000, size: 2048 MB, Compressed Oops mode: 32-bit
Narrow klass base: 0x0000000000000000, Narrow klass shift: 3
Compressed class space size: 1073741824 Address: 0x0000000100000000

Heap:
 garbage-first heap   total 187392K, used 151993K [0x0000000080000000, 0x0000000100000000)
  region size 1024K, 18 young (18432K), 3 survivors (3072K)
 Metaspace       used 148142K, capacity 152895K, committed 153328K, reserved 1181696K
  class space    used 18715K, capacity 20236K, committed 20428K, reserved 1048576K
Heap Regions: E=young(eden), S=young(survivor), O=old, HS=humongous(starts), HC=humongous(continues), CS=collection set, F=free, A=archive, TAMS=top-at-mark-start (previous, next)
|   0|0x0000000080000000, 0x0000000080100000, 0x0000000080100000|100%| O|  |TAMS 0x0000000080100000, 0x0000000080000000| Untracked 
|   1|0x0000000080100000, 0x0000000080200000, 0x0000000080200000|100%| O|  |TAMS 0x0000000080200000, 0x0000000080100000| Untracked 
|   2|0x0000000080200000, 0x0000000080300000, 0x0000000080300000|100%| O|  |TAMS 0x0000000080300000, 0x0000000080200000| Untracked 
|   3|0x0000000080300000, 0x0000000080400000, 0x0000000080400000|100%|HS|  |TAMS 0x0000000080400000, 0x0000000080300000| Complete 
|   4|0x0000000080400000, 0x0000000080500000, 0x0000000080500000|100%|HC|  |TAMS 0x0000000080500000, 0x0000000080400000| Complete 
|   5|0x0000000080500000, 0x0000000080600000, 0x0000000080600000|100%|HC|  |TAMS 0x0000000080600000, 0x0000000080500000| Complete 
|   6|0x0000000080600000, 0x0000000080700000, 0x0000000080700000|100%| O|  |TAMS 0x0000000080700000, 0x0000000080600000| Untracked 
|   7|0x0000000080700000, 0x0000000080800000, 0x0000000080800000|100%| O|  |TAMS 0x0000000080800000, 0x0000000080700000| Untracked 
|   8|0x0000000080800000, 0x0000000080900000, 0x0000000080900000|100%| O|  |TAMS 0x0000000080900000, 0x0000000080800000| Untracked 
|   9|0x0000000080900000, 0x0000000080a00000, 0x0000000080a00000|100%| O|  |TAMS 0x0000000080a00000, 0x0000000080900000| Untracked 
|  10|0x0000000080a00000, 0x0000000080b00000, 0x0000000080b00000|100%| O|  |TAMS 0x0000000080b00000, 0x0000000080a00000| Untracked 
|  11|0x0000000080b00000, 0x0000000080bf4000, 0x0000000080c00000| 95%| O|  |TAMS 0x0000000080b00000, 0x0000000080b00000| Untracked 
|  12|0x0000000080c00000, 0x0000000080d00000, 0x0000000080d00000|100%| O|  |TAMS 0x0000000080d00000, 0x0000000080c00000| Untracked 
|  13|0x0000000080d00000, 0x0000000080e00000, 0x0000000080e00000|100%| O|  |TAMS 0x0000000080e00000, 0x0000000080d00000| Untracked 
|  14|0x0000000080e00000, 0x0000000080f00000, 0x0000000080f00000|100%| O|  |TAMS 0x0000000080f00000, 0x0000000080e00000| Untracked 
|  15|0x0000000080f00000, 0x0000000081000000, 0x0000000081000000|100%| O|  |TAMS 0x0000000081000000, 0x0000000080f00000| Untracked 
|  16|0x0000000081000000, 0x0000000081100000, 0x0000000081100000|100%|HS|  |TAMS 0x0000000081100000, 0x0000000081000000| Complete 
|  17|0x0000000081100000, 0x0000000081200000, 0x0000000081200000|100%|HC|  |TAMS 0x0000000081200000, 0x0000000081100000| Complete 
|  18|0x0000000081200000, 0x0000000081300000, 0x0000000081300000|100%|HS|  |TAMS 0x0000000081300000, 0x0000000081200000| Complete 
|  19|0x0000000081300000, 0x0000000081400000, 0x0000000081400000|100%|HC|  |TAMS 0x0000000081400000, 0x0000000081300000| Complete 
|  20|0x0000000081400000, 0x0000000081500000, 0x0000000081500000|100%|HC|  |TAMS 0x0000000081500000, 0x0000000081400000| Complete 
|  21|0x0000000081500000, 0x0000000081600000, 0x0000000081600000|100%|HS|  |TAMS 0x0000000081600000, 0x0000000081500000| Complete 
|  22|0x0000000081600000, 0x0000000081700000, 0x0000000081700000|100%|HC|  |TAMS 0x0000000081700000, 0x0000000081600000| Complete 
|  23|0x0000000081700000, 0x0000000081800000, 0x0000000081800000|100%|HC|  |TAMS 0x0000000081800000, 0x0000000081700000| Complete 
|  24|0x0000000081800000, 0x0000000081900000, 0x0000000081900000|100%|HC|  |TAMS 0x0000000081900000, 0x0000000081800000| Complete 
|  25|0x0000000081900000, 0x0000000081a00000, 0x0000000081a00000|100%|HC|  |TAMS 0x0000000081a00000, 0x0000000081900000| Complete 
|  26|0x0000000081a00000, 0x0000000081b00000, 0x0000000081b00000|100%| O|  |TAMS 0x0000000081b00000, 0x0000000081a00000| Untracked 
|  27|0x0000000081b00000, 0x0000000081c00000, 0x0000000081c00000|100%| O|  |TAMS 0x0000000081c00000, 0x0000000081b00000| Untracked 
|  28|0x0000000081c00000, 0x0000000081d00000, 0x0000000081d00000|100%| O|  |TAMS 0x0000000081d00000, 0x0000000081c00000| Untracked 
|  29|0x0000000081d00000, 0x0000000081e00000, 0x0000000081e00000|100%| O|  |TAMS 0x0000000081e00000, 0x0000000081d00000| Untracked 
|  30|0x0000000081e00000, 0x0000000081f00000, 0x0000000081f00000|100%| O|  |TAMS 0x0000000081f00000, 0x0000000081e00000| Untracked 
|  31|0x0000000081f00000, 0x0000000082000000, 0x0000000082000000|100%| O|  |TAMS 0x0000000082000000, 0x0000000081f00000| Untracked 
|  32|0x0000000082000000, 0x0000000082100000, 0x0000000082100000|100%| O|  |TAMS 0x0000000082100000, 0x0000000082000000| Untracked 
|  33|0x0000000082100000, 0x0000000082200000, 0x0000000082200000|100%|HS|  |TAMS 0x0000000082200000, 0x0000000082100000| Complete 
|  34|0x0000000082200000, 0x0000000082300000, 0x0000000082300000|100%|HC|  |TAMS 0x0000000082300000, 0x0000000082200000| Complete 
|  35|0x0000000082300000, 0x0000000082400000, 0x0000000082400000|100%|HC|  |TAMS 0x0000000082400000, 0x0000000082300000| Complete 
|  36|0x0000000082400000, 0x0000000082500000, 0x0000000082500000|100%| O|  |TAMS 0x0000000082500000, 0x0000000082400000| Untracked 
|  37|0x0000000082500000, 0x0000000082600000, 0x0000000082600000|100%|HS|  |TAMS 0x0000000082600000, 0x0000000082500000| Complete 
|  38|0x0000000082600000, 0x0000000082700000, 0x0000000082700000|100%|HC|  |TAMS 0x0000000082700000, 0x0000000082600000| Complete 
|  39|0x0000000082700000, 0x0000000082800000, 0x0000000082800000|100%|HC|  |TAMS 0x0000000082800000, 0x0000000082700000| Complete 
|  40|0x0000000082800000, 0x0000000082900000, 0x0000000082900000|100%|HC|  |TAMS 0x0000000082900000, 0x0000000082800000| Complete 
|  41|0x0000000082900000, 0x0000000082a00000, 0x0000000082a00000|100%|HC|  |TAMS 0x0000000082a00000, 0x0000000082900000| Complete 
|  42|0x0000000082a00000, 0x0000000082b00000, 0x0000000082b00000|100%| O|  |TAMS 0x0000000082b00000, 0x0000000082a00000| Untracked 
|  43|0x0000000082b00000, 0x0000000082c00000, 0x0000000082c00000|100%| O|  |TAMS 0x0000000082c00000, 0x0000000082b00000| Untracked 
|  44|0x0000000082c00000, 0x0000000082d00000, 0x0000000082d00000|100%| O|  |TAMS 0x0000000082d00000, 0x0000000082c00000| Untracked 
|  45|0x0000000082d00000, 0x0000000082e00000, 0x0000000082e00000|100%| O|  |TAMS 0x0000000082e00000, 0x0000000082d00000| Untracked 
|  46|0x0000000082e00000, 0x0000000082f00000, 0x0000000082f00000|100%| O|  |TAMS 0x0000000082f00000, 0x0000000082e00000| Untracked 
|  47|0x0000000082f00000, 0x0000000083000000, 0x0000000083000000|100%| O|  |TAMS 0x0000000083000000, 0x0000000082f00000| Untracked 
|  48|0x0000000083000000, 0x0000000083100000, 0x0000000083100000|100%| O|  |TAMS 0x0000000083100000, 0x0000000083000000| Untracked 
|  49|0x0000000083100000, 0x0000000083200000, 0x0000000083200000|100%| O|  |TAMS 0x0000000083100000, 0x0000000083100000| Untracked 
|  50|0x0000000083200000, 0x0000000083300000, 0x0000000083300000|100%| O|  |TAMS 0x0000000083300000, 0x0000000083200000| Untracked 
|  51|0x0000000083300000, 0x0000000083400000, 0x0000000083400000|100%| O|  |TAMS 0x0000000083400000, 0x0000000083300000| Untracked 
|  52|0x0000000083400000, 0x0000000083500000, 0x0000000083500000|100%| O|  |TAMS 0x0000000083500000, 0x0000000083400000| Untracked 
|  53|0x0000000083500000, 0x0000000083600000, 0x0000000083600000|100%| O|  |TAMS 0x0000000083600000, 0x0000000083500000| Untracked 
|  54|0x0000000083600000, 0x0000000083700000, 0x0000000083700000|100%| O|  |TAMS 0x0000000083700000, 0x0000000083600000| Untracked 
|  55|0x0000000083700000, 0x0000000083800000, 0x0000000083800000|100%|HS|  |TAMS 0x0000000083800000, 0x0000000083700000| Complete 
|  56|0x0000000083800000, 0x0000000083900000, 0x0000000083900000|100%|HS|  |TAMS 0x0000000083900000, 0x0000000083800000| Complete 
|  57|0x0000000083900000, 0x0000000083a00000, 0x0000000083a00000|100%|HS|  |TAMS 0x0000000083a00000, 0x0000000083900000| Complete 
|  58|0x0000000083a00000, 0x0000000083b00000, 0x0000000083b00000|100%|HC|  |TAMS 0x0000000083b00000, 0x0000000083a00000| Complete 
|  59|0x0000000083b00000, 0x0000000083c00000, 0x0000000083c00000|100%| O|  |TAMS 0x0000000083c00000, 0x0000000083b00000| Untracked 
|  60|0x0000000083c00000, 0x0000000083d00000, 0x0000000083d00000|100%| O|  |TAMS 0x0000000083d00000, 0x0000000083c00000| Untracked 
|  61|0x0000000083d00000, 0x0000000083e00000, 0x0000000083e00000|100%| O|  |TAMS 0x0000000083e00000, 0x0000000083d00000| Untracked 
|  62|0x0000000083e00000, 0x0000000083f00000, 0x0000000083f00000|100%| O|  |TAMS 0x0000000083f00000, 0x0000000083e00000| Untracked 
|  63|0x0000000083f00000, 0x0000000084000000, 0x0000000084000000|100%| O|  |TAMS 0x0000000084000000, 0x0000000083f00000| Untracked 
|  64|0x0000000084000000, 0x0000000084100000, 0x0000000084100000|100%| O|  |TAMS 0x0000000084000000, 0x0000000084000000| Untracked 
|  65|0x0000000084100000, 0x0000000084200000, 0x0000000084200000|100%| O|  |TAMS 0x0000000084200000, 0x0000000084100000| Untracked 
|  66|0x0000000084200000, 0x0000000084300000, 0x0000000084300000|100%| O|  |TAMS 0x0000000084300000, 0x0000000084200000| Untracked 
|  67|0x0000000084300000, 0x0000000084400000, 0x0000000084400000|100%| O|  |TAMS 0x0000000084400000, 0x0000000084300000| Untracked 
|  68|0x0000000084400000, 0x0000000084500000, 0x0000000084500000|100%| O|  |TAMS 0x0000000084500000, 0x0000000084400000| Untracked 
|  69|0x0000000084500000, 0x0000000084600000, 0x0000000084600000|100%| O|  |TAMS 0x0000000084600000, 0x0000000084500000| Untracked 
|  70|0x0000000084600000, 0x0000000084700000, 0x0000000084700000|100%| O|  |TAMS 0x0000000084700000, 0x0000000084600000| Untracked 
|  71|0x0000000084700000, 0x0000000084800000, 0x0000000084800000|100%| O|  |TAMS 0x0000000084700000, 0x0000000084700000| Untracked 
|  72|0x0000000084800000, 0x0000000084900000, 0x0000000084900000|100%| O|  |TAMS 0x0000000084900000, 0x0000000084800000| Untracked 
|  73|0x0000000084900000, 0x0000000084a00000, 0x0000000084a00000|100%| O|  |TAMS 0x0000000084a00000, 0x0000000084900000| Untracked 
|  74|0x0000000084a00000, 0x0000000084b00000, 0x0000000084b00000|100%| O|  |TAMS 0x0000000084b00000, 0x0000000084a00000| Untracked 
|  75|0x0000000084b00000, 0x0000000084c00000, 0x0000000084c00000|100%| O|  |TAMS 0x0000000084c00000, 0x0000000084b00000| Untracked 
|  76|0x0000000084c00000, 0x0000000084d00000, 0x0000000084d00000|100%| O|  |TAMS 0x0000000084d00000, 0x0000000084c00000| Untracked 
|  77|0x0000000084d00000, 0x0000000084e00000, 0x0000000084e00000|100%| O|  |TAMS 0x0000000084e00000, 0x0000000084d00000| Untracked 
|  78|0x0000000084e00000, 0x0000000084f00000, 0x0000000084f00000|100%| O|  |TAMS 0x0000000084f00000, 0x0000000084e00000| Untracked 
|  79|0x0000000084f00000, 0x0000000085000000, 0x0000000085000000|100%| O|  |TAMS 0x0000000085000000, 0x0000000084f00000| Untracked 
|  80|0x0000000085000000, 0x0000000085100000, 0x0000000085100000|100%| O|  |TAMS 0x0000000085100000, 0x0000000085000000| Untracked 
|  81|0x0000000085100000, 0x0000000085200000, 0x0000000085200000|100%| O|  |TAMS 0x0000000085200000, 0x0000000085100000| Untracked 
|  82|0x0000000085200000, 0x0000000085200000, 0x0000000085300000|  0%| F|  |TAMS 0x0000000085200000, 0x0000000085200000| Untracked 
|  83|0x0000000085300000, 0x0000000085400000, 0x0000000085400000|100%| O|  |TAMS 0x0000000085400000, 0x0000000085300000| Untracked 
|  84|0x0000000085400000, 0x0000000085400000, 0x0000000085500000|  0%| F|  |TAMS 0x0000000085400000, 0x0000000085400000| Untracked 
|  85|0x0000000085500000, 0x0000000085600000, 0x0000000085600000|100%| O|  |TAMS 0x0000000085600000, 0x0000000085500000| Untracked 
|  86|0x0000000085600000, 0x0000000085700000, 0x0000000085700000|100%| O|  |TAMS 0x0000000085700000, 0x0000000085600000| Untracked 
|  87|0x0000000085700000, 0x0000000085800000, 0x0000000085800000|100%| O|  |TAMS 0x0000000085800000, 0x0000000085700000| Untracked 
|  88|0x0000000085800000, 0x0000000085900000, 0x0000000085900000|100%| O|  |TAMS 0x0000000085900000, 0x0000000085800000| Untracked 
|  89|0x0000000085900000, 0x0000000085a00000, 0x0000000085a00000|100%| O|  |TAMS 0x0000000085a00000, 0x0000000085900000| Untracked 
|  90|0x0000000085a00000, 0x0000000085b00000, 0x0000000085b00000|100%| O|  |TAMS 0x0000000085b00000, 0x0000000085a00000| Untracked 
|  91|0x0000000085b00000, 0x0000000085c00000, 0x0000000085c00000|100%| O|  |TAMS 0x0000000085c00000, 0x0000000085b00000| Untracked 
|  92|0x0000000085c00000, 0x0000000085d00000, 0x0000000085d00000|100%| O|  |TAMS 0x0000000085d00000, 0x0000000085c00000| Untracked 
|  93|0x0000000085d00000, 0x0000000085e00000, 0x0000000085e00000|100%| O|  |TAMS 0x0000000085e00000, 0x0000000085d00000| Untracked 
|  94|0x0000000085e00000, 0x0000000085f00000, 0x0000000085f00000|100%| O|  |TAMS 0x0000000085e00000, 0x0000000085e00000| Untracked 
|  95|0x0000000085f00000, 0x0000000086000000, 0x0000000086000000|100%| O|  |TAMS 0x0000000086000000, 0x0000000085f00000| Untracked 
|  96|0x0000000086000000, 0x0000000086100000, 0x0000000086100000|100%| O|  |TAMS 0x0000000086100000, 0x0000000086000000| Untracked 
|  97|0x0000000086100000, 0x0000000086200000, 0x0000000086200000|100%| O|  |TAMS 0x0000000086100000, 0x0000000086100000| Untracked 
|  98|0x0000000086200000, 0x0000000086300000, 0x0000000086300000|100%| O|  |TAMS 0x0000000086300000, 0x0000000086200000| Untracked 
|  99|0x0000000086300000, 0x0000000086400000, 0x0000000086400000|100%| O|  |TAMS 0x0000000086300000, 0x0000000086300000| Untracked 
| 100|0x0000000086400000, 0x0000000086500000, 0x0000000086500000|100%| O|  |TAMS 0x0000000086400000, 0x0000000086400000| Untracked 
| 101|0x0000000086500000, 0x0000000086600000, 0x0000000086600000|100%| O|  |TAMS 0x0000000086600000, 0x0000000086500000| Untracked 
| 102|0x0000000086600000, 0x0000000086700000, 0x0000000086700000|100%| O|  |TAMS 0x0000000086600000, 0x0000000086600000| Untracked 
| 103|0x0000000086700000, 0x0000000086800000, 0x0000000086800000|100%| O|  |TAMS 0x0000000086700000, 0x0000000086700000| Untracked 
| 104|0x0000000086800000, 0x0000000086900000, 0x0000000086900000|100%| O|  |TAMS 0x0000000086800000, 0x0000000086800000| Untracked 
| 105|0x0000000086900000, 0x0000000086a00000, 0x0000000086a00000|100%| O|  |TAMS 0x0000000086900000, 0x0000000086900000| Untracked 
| 106|0x0000000086a00000, 0x0000000086b00000, 0x0000000086b00000|100%| O|  |TAMS 0x0000000086a00000, 0x0000000086a00000| Untracked 
| 107|0x0000000086b00000, 0x0000000086c00000, 0x0000000086c00000|100%| O|  |TAMS 0x0000000086b00000, 0x0000000086b00000| Untracked 
| 108|0x0000000086c00000, 0x0000000086c00000, 0x0000000086d00000|  0%| F|  |TAMS 0x0000000086c00000, 0x0000000086c00000| Untracked 
| 109|0x0000000086d00000, 0x0000000086e00000, 0x0000000086e00000|100%| O|  |TAMS 0x0000000086e00000, 0x0000000086d00000| Untracked 
| 110|0x0000000086e00000, 0x0000000086e00000, 0x0000000086f00000|  0%| F|  |TAMS 0x0000000086e00000, 0x0000000086e00000| Untracked 
| 111|0x0000000086f00000, 0x0000000086f00000, 0x0000000087000000|  0%| F|  |TAMS 0x0000000086f00000, 0x0000000086f00000| Untracked 
| 112|0x0000000087000000, 0x0000000087100000, 0x0000000087100000|100%| O|  |TAMS 0x0000000087100000, 0x0000000087000000| Untracked 
| 113|0x0000000087100000, 0x0000000087100000, 0x0000000087200000|  0%| F|  |TAMS 0x0000000087100000, 0x0000000087100000| Untracked 
| 114|0x0000000087200000, 0x0000000087200000, 0x0000000087300000|  0%| F|  |TAMS 0x0000000087200000, 0x0000000087200000| Untracked 
| 115|0x0000000087300000, 0x0000000087300000, 0x0000000087400000|  0%| F|  |TAMS 0x0000000087300000, 0x0000000087300000| Untracked 
| 116|0x0000000087400000, 0x0000000087500000, 0x0000000087500000|100%| O|  |TAMS 0x0000000087500000, 0x0000000087400000| Untracked 
| 117|0x0000000087500000, 0x0000000087600000, 0x0000000087600000|100%| O|  |TAMS 0x0000000087600000, 0x0000000087500000| Untracked 
| 118|0x0000000087600000, 0x0000000087700000, 0x0000000087700000|100%| O|  |TAMS 0x0000000087700000, 0x0000000087600000| Untracked 
| 119|0x0000000087700000, 0x0000000087700000, 0x0000000087800000|  0%| F|  |TAMS 0x0000000087700000, 0x0000000087700000| Untracked 
| 120|0x0000000087800000, 0x0000000087800000, 0x0000000087900000|  0%| F|  |TAMS 0x0000000087800000, 0x0000000087800000| Untracked 
| 121|0x0000000087900000, 0x0000000087900000, 0x0000000087a00000|  0%| F|  |TAMS 0x0000000087900000, 0x0000000087900000| Untracked 
| 122|0x0000000087a00000, 0x0000000087a00000, 0x0000000087b00000|  0%| F|  |TAMS 0x0000000087a00000, 0x0000000087a00000| Untracked 
| 123|0x0000000087b00000, 0x0000000087b00000, 0x0000000087c00000|  0%| F|  |TAMS 0x0000000087b00000, 0x0000000087b00000| Untracked 
| 124|0x0000000087c00000, 0x0000000087c00000, 0x0000000087d00000|  0%| F|  |TAMS 0x0000000087c00000, 0x0000000087c00000| Untracked 
| 125|0x0000000087d00000, 0x0000000087d00000, 0x0000000087e00000|  0%| F|  |TAMS 0x0000000087d00000, 0x0000000087d00000| Untracked 
| 126|0x0000000087e00000, 0x0000000087e00000, 0x0000000087f00000|  0%| F|  |TAMS 0x0000000087e00000, 0x0000000087e00000| Untracked 
| 127|0x0000000087f00000, 0x0000000088000000, 0x0000000088000000|100%| O|  |TAMS 0x0000000088000000, 0x0000000087f00000| Untracked 
| 128|0x0000000088000000, 0x0000000088100000, 0x0000000088100000|100%| O|  |TAMS 0x0000000088100000, 0x0000000088000000| Untracked 
| 129|0x0000000088100000, 0x0000000088200000, 0x0000000088200000|100%| O|  |TAMS 0x0000000088200000, 0x0000000088100000| Untracked 
| 130|0x0000000088200000, 0x0000000088200000, 0x0000000088300000|  0%| F|  |TAMS 0x0000000088200000, 0x0000000088200000| Untracked 
| 131|0x0000000088300000, 0x0000000088300000, 0x0000000088400000|  0%| F|  |TAMS 0x0000000088300000, 0x0000000088300000| Untracked 
| 132|0x0000000088400000, 0x0000000088500000, 0x0000000088500000|100%| O|  |TAMS 0x0000000088500000, 0x0000000088400000| Untracked 
| 133|0x0000000088500000, 0x0000000088500000, 0x0000000088600000|  0%| F|  |TAMS 0x0000000088500000, 0x0000000088500000| Untracked 
| 134|0x0000000088600000, 0x0000000088700000, 0x0000000088700000|100%| O|  |TAMS 0x0000000088700000, 0x0000000088600000| Untracked 
| 135|0x0000000088700000, 0x0000000088800000, 0x0000000088800000|100%| O|  |TAMS 0x0000000088800000, 0x0000000088700000| Untracked 
| 136|0x0000000088800000, 0x0000000088900000, 0x0000000088900000|100%| O|  |TAMS 0x0000000088900000, 0x0000000088800000| Untracked 
| 137|0x0000000088900000, 0x0000000088a00000, 0x0000000088a00000|100%| O|  |TAMS 0x0000000088a00000, 0x0000000088900000| Untracked 
| 138|0x0000000088a00000, 0x0000000088a00000, 0x0000000088b00000|  0%| F|  |TAMS 0x0000000088a00000, 0x0000000088a00000| Untracked 
| 139|0x0000000088b00000, 0x0000000088c00000, 0x0000000088c00000|100%| O|  |TAMS 0x0000000088c00000, 0x0000000088b00000| Untracked 
| 140|0x0000000088c00000, 0x0000000088d00000, 0x0000000088d00000|100%| O|  |TAMS 0x0000000088d00000, 0x0000000088c00000| Untracked 
| 141|0x0000000088d00000, 0x0000000088d00000, 0x0000000088e00000|  0%| F|  |TAMS 0x0000000088d00000, 0x0000000088d00000| Untracked 
| 142|0x0000000088e00000, 0x0000000088f00000, 0x0000000088f00000|100%| O|  |TAMS 0x0000000088f00000, 0x0000000088e00000| Untracked 
| 143|0x0000000088f00000, 0x0000000088f00000, 0x0000000089000000|  0%| F|  |TAMS 0x0000000088f00000, 0x0000000088f00000| Untracked 
| 144|0x0000000089000000, 0x0000000089100000, 0x0000000089100000|100%| O|  |TAMS 0x0000000089100000, 0x0000000089000000| Untracked 
| 145|0x0000000089100000, 0x0000000089100000, 0x0000000089200000|  0%| F|  |TAMS 0x0000000089100000, 0x0000000089100000| Untracked 
| 146|0x0000000089200000, 0x0000000089200000, 0x0000000089300000|  0%| F|  |TAMS 0x0000000089200000, 0x0000000089200000| Untracked 
| 147|0x0000000089300000, 0x0000000089300000, 0x0000000089400000|  0%| F|  |TAMS 0x0000000089300000, 0x0000000089300000| Untracked 
| 148|0x0000000089400000, 0x0000000089400000, 0x0000000089500000|  0%| F|  |TAMS 0x0000000089400000, 0x0000000089400000| Untracked 
| 149|0x0000000089500000, 0x0000000089500000, 0x0000000089600000|  0%| F|  |TAMS 0x0000000089500000, 0x0000000089500000| Untracked 
| 150|0x0000000089600000, 0x0000000089600000, 0x0000000089700000|  0%| F|  |TAMS 0x0000000089600000, 0x0000000089600000| Untracked 
| 151|0x0000000089700000, 0x000000008977a4c0, 0x0000000089800000| 47%| S|CS|TAMS 0x0000000089700000, 0x0000000089700000| Complete 
| 152|0x0000000089800000, 0x0000000089900000, 0x0000000089900000|100%| S|CS|TAMS 0x0000000089800000, 0x0000000089800000| Complete 
| 153|0x0000000089900000, 0x0000000089a00000, 0x0000000089a00000|100%| S|CS|TAMS 0x0000000089900000, 0x0000000089900000| Complete 
| 154|0x0000000089a00000, 0x0000000089b00000, 0x0000000089b00000|100%| O|  |TAMS 0x0000000089b00000, 0x0000000089a00000| Untracked 
| 155|0x0000000089b00000, 0x0000000089c00000, 0x0000000089c00000|100%| O|  |TAMS 0x0000000089c00000, 0x0000000089b00000| Untracked 
| 156|0x0000000089c00000, 0x0000000089d00000, 0x0000000089d00000|100%| O|  |TAMS 0x0000000089d00000, 0x0000000089c00000| Untracked 
| 157|0x0000000089d00000, 0x0000000089e00000, 0x0000000089e00000|100%| O|  |TAMS 0x0000000089e00000, 0x0000000089d00000| Untracked 
| 158|0x0000000089e00000, 0x0000000089f00000, 0x0000000089f00000|100%| O|  |TAMS 0x0000000089f00000, 0x0000000089e00000| Untracked 
| 159|0x0000000089f00000, 0x000000008a000000, 0x000000008a000000|100%| O|  |TAMS 0x0000000089f5b200, 0x0000000089f00000| Untracked 
| 160|0x000000008a000000, 0x000000008a100000, 0x000000008a100000|100%| O|  |TAMS 0x000000008a000000, 0x000000008a000000| Untracked 
| 161|0x000000008a100000, 0x000000008a200000, 0x000000008a200000|100%| O|  |TAMS 0x000000008a100000, 0x000000008a100000| Untracked 
| 162|0x000000008a200000, 0x000000008a300000, 0x000000008a300000|100%| O|  |TAMS 0x000000008a200000, 0x000000008a200000| Untracked 
| 163|0x000000008a300000, 0x000000008a300000, 0x000000008a400000|  0%| F|  |TAMS 0x000000008a300000, 0x000000008a300000| Untracked 
| 164|0x000000008a400000, 0x000000008a400000, 0x000000008a500000|  0%| F|  |TAMS 0x000000008a400000, 0x000000008a400000| Untracked 
| 165|0x000000008a500000, 0x000000008a500000, 0x000000008a600000|  0%| F|  |TAMS 0x000000008a500000, 0x000000008a500000| Untracked 
| 166|0x000000008a600000, 0x000000008a600000, 0x000000008a700000|  0%| F|  |TAMS 0x000000008a600000, 0x000000008a600000| Untracked 
| 167|0x000000008a700000, 0x000000008a700000, 0x000000008a800000|  0%| F|  |TAMS 0x000000008a700000, 0x000000008a700000| Untracked 
| 168|0x000000008a800000, 0x000000008a84f470, 0x000000008a900000| 30%| E|  |TAMS 0x000000008a800000, 0x000000008a800000| Complete 
| 169|0x000000008a900000, 0x000000008aa00000, 0x000000008aa00000|100%| E|CS|TAMS 0x000000008a900000, 0x000000008a900000| Complete 
| 170|0x000000008aa00000, 0x000000008ab00000, 0x000000008ab00000|100%| E|CS|TAMS 0x000000008aa00000, 0x000000008aa00000| Complete 
| 171|0x000000008ab00000, 0x000000008ac00000, 0x000000008ac00000|100%| E|CS|TAMS 0x000000008ab00000, 0x000000008ab00000| Complete 
| 172|0x000000008ac00000, 0x000000008ad00000, 0x000000008ad00000|100%| E|CS|TAMS 0x000000008ac00000, 0x000000008ac00000| Complete 
| 173|0x000000008ad00000, 0x000000008ae00000, 0x000000008ae00000|100%| E|CS|TAMS 0x000000008ad00000, 0x000000008ad00000| Complete 
| 174|0x000000008ae00000, 0x000000008af00000, 0x000000008af00000|100%| E|CS|TAMS 0x000000008ae00000, 0x000000008ae00000| Complete 
| 175|0x000000008af00000, 0x000000008b000000, 0x000000008b000000|100%| E|CS|TAMS 0x000000008af00000, 0x000000008af00000| Complete 
| 176|0x000000008b000000, 0x000000008b100000, 0x000000008b100000|100%| E|CS|TAMS 0x000000008b000000, 0x000000008b000000| Complete 
| 177|0x000000008b100000, 0x000000008b200000, 0x000000008b200000|100%| E|CS|TAMS 0x000000008b100000, 0x000000008b100000| Complete 
| 178|0x000000008b200000, 0x000000008b300000, 0x000000008b300000|100%| E|CS|TAMS 0x000000008b200000, 0x000000008b200000| Complete 
| 179|0x000000008b300000, 0x000000008b400000, 0x000000008b400000|100%| E|CS|TAMS 0x000000008b300000, 0x000000008b300000| Complete 
| 180|0x000000008b400000, 0x000000008b500000, 0x000000008b500000|100%| E|CS|TAMS 0x000000008b400000, 0x000000008b400000| Complete 
| 181|0x000000008b500000, 0x000000008b600000, 0x000000008b600000|100%| E|CS|TAMS 0x000000008b500000, 0x000000008b500000| Complete 
| 182|0x000000008b600000, 0x000000008b700000, 0x000000008b700000|100%| E|CS|TAMS 0x000000008b600000, 0x000000008b600000| Complete 

Card table byte_map: [0x000001b6fa260000,0x000001b6fa660000] _byte_map_base: 0x000001b6f9e60000

Marking Bits (Prev, Next): (CMBitMap*) 0x000001b6e73ac6d8, (CMBitMap*) 0x000001b6e73ac710
 Prev Bits: [0x000001b6faa60000, 0x000001b6fca60000)
 Next Bits: [0x000001b6fca60000, 0x000001b6fea60000)

Polling page: 0x000001b6e5290000

Metaspace:

Usage:
  Non-class:    129.55 MB capacity,   126.39 MB ( 98%) used,     2.74 MB (  2%) free+waste,   425.38 KB ( <1%) overhead. 
      Class:     19.76 MB capacity,    18.28 MB ( 92%) used,     1.29 MB (  7%) free+waste,   196.06 KB ( <1%) overhead. 
       Both:    149.31 MB capacity,   144.67 MB ( 97%) used,     4.03 MB (  3%) free+waste,   621.44 KB ( <1%) overhead. 

Virtual space:
  Non-class space:      130.00 MB reserved,     129.79 MB (>99%) committed 
      Class space:        1.00 GB reserved,      19.95 MB (  2%) committed 
             Both:        1.13 GB reserved,     149.73 MB ( 13%) committed 

Chunk freelists:
   Non-Class:  113.00 KB
       Class:  84.00 KB
        Both:  197.00 KB

MaxMetaspaceSize: 17179869184.00 GB
CompressedClassSpaceSize: 1.00 GB

CodeHeap 'non-profiled nmethods': size=120064Kb used=12973Kb max_used=12973Kb free=107090Kb
 bounds [0x000001b6f2920000, 0x000001b6f35d0000, 0x000001b6f9e60000]
CodeHeap 'profiled nmethods': size=120000Kb used=42218Kb max_used=42218Kb free=77781Kb
 bounds [0x000001b6eb3f0000, 0x000001b6edd40000, 0x000001b6f2920000]
CodeHeap 'non-nmethods': size=5696Kb used=2354Kb max_used=2414Kb free=3341Kb
 bounds [0x000001b6eae60000, 0x000001b6eb0e0000, 0x000001b6eb3f0000]
 total_blobs=19099 nmethods=18142 adapters=867
 compilation: enabled
              stopped_count=0, restarted_count=0
 full_count=0

Compilation events (20 events):
Event: 600.720 Thread 0x000001b6fef65800 19257       2       kotlin.collections.CollectionsKt__CollectionsKt::getLastIndex (15 bytes)
Event: 600.720 Thread 0x000001b6fef65800 nmethod 19257 0x000001b6edd24190 code [0x000001b6edd24380, 0x000001b6edd245e8]
Event: 600.722 Thread 0x000001b6fef65800 19258       2       kotlin.collections.CollectionsKt__CollectionsJVMKt::listOf (11 bytes)
Event: 600.722 Thread 0x000001b6fef65800 nmethod 19258 0x000001b6edd24790 code [0x000001b6edd24940, 0x000001b6edd24b08]
Event: 600.723 Thread 0x000001b6fef65800 19259       2       kotlin.text.StringsKt__AppendableKt::appendElement (100 bytes)
Event: 600.724 Thread 0x000001b6fef65800 nmethod 19259 0x000001b6edd24c10 code [0x000001b6edd24e80, 0x000001b6edd25418]
Event: 600.725 Thread 0x000001b6fef65800 19260       2       com.android.tools.idea.gradle.project.sync.ModelCacheKt$modelCacheImpl$libraryFrom$core$6::invoke (9 bytes)
Event: 600.725 Thread 0x000001b6fef65800 nmethod 19260 0x000001b6edd25710 code [0x000001b6edd258c0, 0x000001b6edd25a08]
Event: 600.726 Thread 0x000001b6fef65800 19261       2       kotlin.collections.CollectionsKt___CollectionsKt::last (40 bytes)
Event: 600.726 Thread 0x000001b6fef65800 nmethod 19261 0x000001b6edd25b10 code [0x000001b6edd25d80, 0x000001b6edd26278]
Event: 600.748 Thread 0x000001b6fef65800 19262       2       kotlin.collections.CollectionsKt___CollectionsKt::drop (312 bytes)
Event: 600.750 Thread 0x000001b6fef65800 nmethod 19262 0x000001b6edd26590 code [0x000001b6edd269a0, 0x000001b6edd27eb8]
Event: 600.754 Thread 0x000001b6fef65800 19263       2       kotlin.collections.CollectionsKt___CollectionsKt::joinTo$default (101 bytes)
Event: 600.754 Thread 0x000001b6fef65800 nmethod 19263 0x000001b6edd28a10 code [0x000001b6edd28bc0, 0x000001b6edd28d68]
Event: 600.755 Thread 0x000001b6fef65800 19264       2       com.android.tools.idea.gradle.model.impl.IdeAndroidLibraryCore$Companion::create$makeRelative (33 bytes)
Event: 600.755 Thread 0x000001b6fef65800 nmethod 19264 0x000001b6edd28e10 code [0x000001b6edd29000, 0x000001b6edd29218]
Event: 600.759 Thread 0x000001b6fef65800 19266       2       com.android.tools.idea.gradle.project.sync.ModelCacheKt$modelCacheImpl$libraryFrom$core$6::invoke (55 bytes)
Event: 600.759 Thread 0x000001b6fef65800 nmethod 19266 0x000001b6edd29390 code [0x000001b6edd295a0, 0x000001b6edd298d8]
Event: 600.761 Thread 0x000001b6fef65800 19267       2       org.gradle.tooling.internal.adapter.ProtocolToModelAdapter::convertCollectionInternal (42 bytes)
Event: 600.761 Thread 0x000001b6fef65800 nmethod 19267 0x000001b6edd29b10 code [0x000001b6edd29ce0, 0x000001b6edd29f08]

GC Heap History (20 events):
Event: 590.849 GC heap before
{Heap before GC invocations=107 (full 0):
 garbage-first heap   total 187392K, used 168682K [0x0000000080000000, 0x0000000100000000)
  region size 1024K, 9 young (9216K), 2 survivors (2048K)
 Metaspace       used 142847K, capacity 147881K, committed 148080K, reserved 1177600K
  class space    used 18234K, capacity 19942K, committed 20044K, reserved 1048576K
}
Event: 590.859 GC heap after
{Heap after GC invocations=108 (full 0):
 garbage-first heap   total 187392K, used 162166K [0x0000000080000000, 0x0000000100000000)
  region size 1024K, 2 young (2048K), 2 survivors (2048K)
 Metaspace       used 142847K, capacity 147881K, committed 148080K, reserved 1177600K
  class space    used 18234K, capacity 19942K, committed 20044K, reserved 1048576K
}
Event: 591.793 GC heap before
{Heap before GC invocations=108 (full 0):
 garbage-first heap   total 187392K, used 169334K [0x0000000080000000, 0x0000000100000000)
  region size 1024K, 9 young (9216K), 2 survivors (2048K)
 Metaspace       used 143084K, capacity 148212K, committed 148336K, reserved 1177600K
  class space    used 18275K, capacity 19985K, committed 20044K, reserved 1048576K
}
Event: 591.801 GC heap after
{Heap after GC invocations=109 (full 0):
 garbage-first heap   total 187392K, used 163098K [0x0000000080000000, 0x0000000100000000)
  region size 1024K, 2 young (2048K), 2 survivors (2048K)
 Metaspace       used 143084K, capacity 148212K, committed 148336K, reserved 1177600K
  class space    used 18275K, capacity 19985K, committed 20044K, reserved 1048576K
}
Event: 593.606 GC heap before
{Heap before GC invocations=109 (full 0):
 garbage-first heap   total 187392K, used 169242K [0x0000000080000000, 0x0000000100000000)
  region size 1024K, 9 young (9216K), 2 survivors (2048K)
 Metaspace       used 143801K, capacity 148968K, committed 149232K, reserved 1179648K
  class space    used 18383K, capacity 20095K, committed 20172K, reserved 1048576K
}
Event: 593.613 GC heap after
{Heap after GC invocations=110 (full 0):
 garbage-first heap   total 187392K, used 163654K [0x0000000080000000, 0x0000000100000000)
  region size 1024K, 2 young (2048K), 2 survivors (2048K)
 Metaspace       used 143801K, capacity 148968K, committed 149232K, reserved 1179648K
  class space    used 18383K, capacity 20095K, committed 20172K, reserved 1048576K
}
Event: 594.749 GC heap before
{Heap before GC invocations=110 (full 0):
 garbage-first heap   total 187392K, used 169798K [0x0000000080000000, 0x0000000100000000)
  region size 1024K, 9 young (9216K), 2 survivors (2048K)
 Metaspace       used 144913K, capacity 150116K, committed 150384K, reserved 1179648K
  class space    used 18528K, capacity 20260K, committed 20300K, reserved 1048576K
}
Event: 594.794 GC heap after
{Heap after GC invocations=111 (full 0):
 garbage-first heap   total 187392K, used 164422K [0x0000000080000000, 0x0000000100000000)
  region size 1024K, 2 young (2048K), 2 survivors (2048K)
 Metaspace       used 144913K, capacity 150116K, committed 150384K, reserved 1179648K
  class space    used 18528K, capacity 20260K, committed 20300K, reserved 1048576K
}
Event: 595.269 GC heap before
{Heap before GC invocations=111 (full 0):
 garbage-first heap   total 187392K, used 170566K [0x0000000080000000, 0x0000000100000000)
  region size 1024K, 9 young (9216K), 2 survivors (2048K)
 Metaspace       used 144914K, capacity 150116K, committed 150384K, reserved 1179648K
  class space    used 18528K, capacity 20260K, committed 20300K, reserved 1048576K
}
Event: 595.276 GC heap after
{Heap after GC invocations=112 (full 0):
 garbage-first heap   total 187392K, used 165186K [0x0000000080000000, 0x0000000100000000)
  region size 1024K, 2 young (2048K), 2 survivors (2048K)
 Metaspace       used 144914K, capacity 150116K, committed 150384K, reserved 1179648K
  class space    used 18528K, capacity 20260K, committed 20300K, reserved 1048576K
}
Event: 596.970 GC heap before
{Heap before GC invocations=113 (full 0):
 garbage-first heap   total 187392K, used 169282K [0x0000000080000000, 0x0000000100000000)
  region size 1024K, 9 young (9216K), 2 survivors (2048K)
 Metaspace       used 145148K, capacity 149840K, committed 150768K, reserved 1179648K
  class space    used 18484K, capacity 19994K, committed 20428K, reserved 1048576K
}
Event: 596.982 GC heap after
{Heap after GC invocations=114 (full 0):
 garbage-first heap   total 187392K, used 163575K [0x0000000080000000, 0x0000000100000000)
  region size 1024K, 2 young (2048K), 2 survivors (2048K)
 Metaspace       used 145148K, capacity 149840K, committed 150768K, reserved 1179648K
  class space    used 18484K, capacity 19994K, committed 20428K, reserved 1048576K
}
Event: 597.369 GC heap before
{Heap before GC invocations=114 (full 0):
 garbage-first heap   total 187392K, used 170743K [0x0000000080000000, 0x0000000100000000)
  region size 1024K, 9 young (9216K), 2 survivors (2048K)
 Metaspace       used 146600K, capacity 151280K, committed 151792K, reserved 1181696K
  class space    used 18580K, capacity 20090K, committed 20428K, reserved 1048576K
}
Event: 597.396 GC heap after
{Heap after GC invocations=115 (full 0):
 garbage-first heap   total 187392K, used 147167K [0x0000000080000000, 0x0000000100000000)
  region size 1024K, 1 young (1024K), 1 survivors (1024K)
 Metaspace       used 146600K, capacity 151280K, committed 151792K, reserved 1181696K
  class space    used 18580K, capacity 20090K, committed 20428K, reserved 1048576K
}
Event: 597.609 GC heap before
{Heap before GC invocations=115 (full 0):
 garbage-first heap   total 187392K, used 155359K [0x0000000080000000, 0x0000000100000000)
  region size 1024K, 9 young (9216K), 1 survivors (1024K)
 Metaspace       used 147693K, capacity 152372K, committed 152816K, reserved 1181696K
  class space    used 18683K, capacity 20198K, committed 20428K, reserved 1048576K
}
Event: 597.646 GC heap after
{Heap after GC invocations=116 (full 0):
 garbage-first heap   total 187392K, used 136992K [0x0000000080000000, 0x0000000100000000)
  region size 1024K, 1 young (1024K), 1 survivors (1024K)
 Metaspace       used 147693K, capacity 152372K, committed 152816K, reserved 1181696K
  class space    used 18683K, capacity 20198K, committed 20428K, reserved 1048576K
}
Event: 598.954 GC heap before
{Heap before GC invocations=116 (full 0):
 garbage-first heap   total 187392K, used 145184K [0x0000000080000000, 0x0000000100000000)
  region size 1024K, 9 young (9216K), 1 survivors (1024K)
 Metaspace       used 147776K, capacity 152442K, committed 152816K, reserved 1181696K
  class space    used 18688K, capacity 20199K, committed 20428K, reserved 1048576K
}
Event: 598.984 GC heap after
{Heap after GC invocations=117 (full 0):
 garbage-first heap   total 187392K, used 136192K [0x0000000080000000, 0x0000000100000000)
  region size 1024K, 2 young (2048K), 2 survivors (2048K)
 Metaspace       used 147776K, capacity 152442K, committed 152816K, reserved 1181696K
  class space    used 18688K, capacity 20199K, committed 20428K, reserved 1048576K
}
Event: 600.348 GC heap before
{Heap before GC invocations=117 (full 0):
 garbage-first heap   total 187392K, used 153600K [0x0000000080000000, 0x0000000100000000)
  region size 1024K, 20 young (20480K), 2 survivors (2048K)
 Metaspace       used 147819K, capacity 152507K, committed 153072K, reserved 1181696K
  class space    used 18688K, capacity 20199K, committed 20428K, reserved 1048576K
}
Event: 600.358 GC heap after
{Heap after GC invocations=118 (full 0):
 garbage-first heap   total 187392K, used 137657K [0x0000000080000000, 0x0000000100000000)
  region size 1024K, 3 young (3072K), 3 survivors (3072K)
 Metaspace       used 147819K, capacity 152507K, committed 153072K, reserved 1181696K
  class space    used 18688K, capacity 20199K, committed 20428K, reserved 1048576K
}

Deoptimization events (20 events):
Event: 599.552 Thread 0x000001b6859fb800 DEOPT PACKING pc=0x000001b6f2ef5fcc sp=0x00000089ac1f85b0
Event: 599.552 Thread 0x000001b6859fb800 DEOPT UNPACKING pc=0x000001b6eae683af sp=0x00000089ac1f8508 mode 2
Event: 600.569 Thread 0x000001b6859fb800 DEOPT PACKING pc=0x000001b6ecabed3d sp=0x00000089ac1f96e0
Event: 600.569 Thread 0x000001b6859fb800 DEOPT UNPACKING pc=0x000001b6eae88ede sp=0x00000089ac1f8cb8 mode 0
Event: 600.578 Thread 0x000001b6859fb800 Uncommon trap: trap_request=0xffffffde fr.pc=0x000001b6f2d2b3e0 relative=0x00000000000007a0
Event: 600.578 Thread 0x000001b6859fb800 Uncommon trap: reason=class_check action=maybe_recompile pc=0x000001b6f2d2b3e0 method=java.util.Spliterators$IteratorSpliterator.tryAdvance(Ljava/util/function/Consumer;)Z @ 68 c2
Event: 600.578 Thread 0x000001b6859fb800 DEOPT PACKING pc=0x000001b6f2d2b3e0 sp=0x00000089ac1fa4a0
Event: 600.578 Thread 0x000001b6859fb800 DEOPT UNPACKING pc=0x000001b6eae683af sp=0x00000089ac1fa290 mode 2
Event: 600.614 Thread 0x000001b6859fb800 Uncommon trap: trap_request=0xffffffbe fr.pc=0x000001b6f34a0128 relative=0x0000000000000da8
Event: 600.614 Thread 0x000001b6859fb800 Uncommon trap: reason=profile_predicate action=maybe_recompile pc=0x000001b6f34a0128 method=java.util.TimSort.gallopRight(Ljava/lang/Object;[Ljava/lang/Object;IIILjava/util/Comparator;)I @ 263 c2
Event: 600.614 Thread 0x000001b6859fb800 DEOPT PACKING pc=0x000001b6f34a0128 sp=0x00000089ac1f9d90
Event: 600.614 Thread 0x000001b6859fb800 DEOPT UNPACKING pc=0x000001b6eae683af sp=0x00000089ac1f9d18 mode 2
Event: 600.614 Thread 0x000001b6859fb800 Uncommon trap: trap_request=0xffffffbe fr.pc=0x000001b6f2a8cad0 relative=0x0000000000000e50
Event: 600.614 Thread 0x000001b6859fb800 Uncommon trap: reason=profile_predicate action=maybe_recompile pc=0x000001b6f2a8cad0 method=java.util.TimSort.gallopLeft(Ljava/lang/Object;[Ljava/lang/Object;IIILjava/util/Comparator;)I @ 263 c2
Event: 600.614 Thread 0x000001b6859fb800 DEOPT PACKING pc=0x000001b6f2a8cad0 sp=0x00000089ac1f9d90
Event: 600.614 Thread 0x000001b6859fb800 DEOPT UNPACKING pc=0x000001b6eae683af sp=0x00000089ac1f9d18 mode 2
Event: 600.614 Thread 0x000001b6859fb800 Uncommon trap: trap_request=0xffffffbe fr.pc=0x000001b6f2a8cad0 relative=0x0000000000000e50
Event: 600.614 Thread 0x000001b6859fb800 Uncommon trap: reason=profile_predicate action=maybe_recompile pc=0x000001b6f2a8cad0 method=java.util.TimSort.gallopLeft(Ljava/lang/Object;[Ljava/lang/Object;IIILjava/util/Comparator;)I @ 263 c2
Event: 600.614 Thread 0x000001b6859fb800 DEOPT PACKING pc=0x000001b6f2a8cad0 sp=0x00000089ac1f9d90
Event: 600.614 Thread 0x000001b6859fb800 DEOPT UNPACKING pc=0x000001b6eae683af sp=0x00000089ac1f9d18 mode 2

Classes redefined (0 events):
No events

Internal exceptions (20 events):
Event: 591.840 Thread 0x000001b6859fb800 Implicit null exception at 0x000001b6f3564596 to 0x000001b6f3564d50
Event: 594.216 Thread 0x000001b6859fb800 Exception <a 'java/lang/NoSuchMethodError'{0x000000008b377ac0}: <clinit>> (0x000000008b377ac0) thrown at [./src/hotspot/share/prims/jni.cpp, line 1362]
Event: 594.243 Thread 0x000001b6859fb800 Exception <a 'java/lang/NoSuchMethodError'{0x000000008b39e528}: <clinit>> (0x000000008b39e528) thrown at [./src/hotspot/share/prims/jni.cpp, line 1362]
Event: 594.280 Thread 0x000001b6859fb800 Exception <a 'java/lang/NoSuchMethodError'{0x000000008b3c4d30}: <clinit>> (0x000000008b3c4d30) thrown at [./src/hotspot/share/prims/jni.cpp, line 1362]
Event: 594.317 Thread 0x000001b6859fb800 Exception <a 'java/lang/NoSuchMethodError'{0x000000008b3ecd58}: <clinit>> (0x000000008b3ecd58) thrown at [./src/hotspot/share/prims/jni.cpp, line 1362]
Event: 594.348 Thread 0x000001b6859fb800 Exception <a 'java/lang/ClassNotFoundException'{0x000000008b223be0}: org/jetbrains/plugins/gradle/tooling/util/SourceSetCachedFinder$1BeanInfo> (0x000000008b223be0) thrown at [./src/hotspot/share/classfile/systemDictionary.cpp, line 231]
Event: 594.351 Thread 0x000001b6859fb800 Exception <a 'java/lang/ClassNotFoundException'{0x000000008b2334a0}: org/jetbrains/plugins/gradle/tooling/util/SourceSetCachedFinder$1Customizer> (0x000000008b2334a0) thrown at [./src/hotspot/share/classfile/systemDictionary.cpp, line 231]
Event: 594.532 Thread 0x000001b6859fb800 Exception <a 'java/lang/ClassNotFoundException'{0x000000008b26ba00}: org/jetbrains/plugins/gradle/tooling/util/SourceSetCachedFinder$2BeanInfo> (0x000000008b26ba00) thrown at [./src/hotspot/share/classfile/systemDictionary.cpp, line 231]
Event: 594.533 Thread 0x000001b6859fb800 Exception <a 'java/lang/ClassNotFoundException'{0x000000008b27b550}: org/jetbrains/plugins/gradle/tooling/util/SourceSetCachedFinder$2Customizer> (0x000000008b27b550) thrown at [./src/hotspot/share/classfile/systemDictionary.cpp, line 231]
Event: 594.535 Thread 0x000001b6859fb800 Exception <a 'java/lang/ClassNotFoundException'{0x000000008b2ae5c8}: org/jetbrains/plugins/gradle/tooling/util/SourceSetCachedFinderBeanInfo> (0x000000008b2ae5c8) thrown at [./src/hotspot/share/classfile/systemDictionary.cpp, line 231]
Event: 594.535 Thread 0x000001b6859fb800 Exception <a 'java/lang/ClassNotFoundException'{0x000000008b2bd820}: org/jetbrains/plugins/gradle/tooling/util/SourceSetCachedFinderCustomizer> (0x000000008b2bd820) thrown at [./src/hotspot/share/classfile/systemDictionary.cpp, line 231]
Event: 594.564 Thread 0x000001b6859fb800 Exception <a 'java/lang/ClassNotFoundException'{0x000000008b139860}: org/jetbrains/plugins/gradle/tooling/util/SourceSetCachedFinder$ArtifactsMapBeanInfo> (0x000000008b139860) thrown at [./src/hotspot/share/classfile/systemDictionary.cpp, line 231]
Event: 594.565 Thread 0x000001b6859fb800 Exception <a 'java/lang/ClassNotFoundException'{0x000000008b14ba18}: org/jetbrains/plugins/gradle/tooling/util/SourceSetCachedFinder$ArtifactsMapCustomizer> (0x000000008b14ba18) thrown at [./src/hotspot/share/classfile/systemDictionary.cpp, line 231]
Event: 595.489 Thread 0x000001b6859fb800 Exception <a 'java/lang/NoSuchMethodError'{0x000000008b379498}: <clinit>> (0x000000008b379498) thrown at [./src/hotspot/share/prims/jni.cpp, line 1362]
Event: 597.283 Thread 0x000001b6859fb800 Exception <a 'sun/nio/fs/WindowsException'{0x000000008b29d150}> (0x000000008b29d150) thrown at [./src/hotspot/share/prims/jni.cpp, line 615]
Event: 597.318 Thread 0x000001b6859fb800 Exception <a 'sun/nio/fs/WindowsException'{0x000000008b13eb30}> (0x000000008b13eb30) thrown at [./src/hotspot/share/prims/jni.cpp, line 615]
Event: 597.320 Thread 0x000001b6859fb800 Exception <a 'sun/nio/fs/WindowsException'{0x000000008b13fd98}> (0x000000008b13fd98) thrown at [./src/hotspot/share/prims/jni.cpp, line 615]
Event: 597.322 Thread 0x000001b6859fb800 Exception <a 'sun/nio/fs/WindowsException'{0x000000008b141050}> (0x000000008b141050) thrown at [./src/hotspot/share/prims/jni.cpp, line 615]
Event: 597.322 Thread 0x000001b6859fb800 Exception <a 'sun/nio/fs/WindowsException'{0x000000008b142308}> (0x000000008b142308) thrown at [./src/hotspot/share/prims/jni.cpp, line 615]
Event: 597.605 Thread 0x000001b6859fb800 Exception <a 'java/lang/reflect/InvocationTargetException'{0x000000008aed3990}> (0x000000008aed3990) thrown at [./src/hotspot/share/runtime/reflection.cpp, line 1247]

Events (20 events):
Event: 600.642 loading class com/android/tools/idea/gradle/model/IdeArtifactName
Event: 600.642 loading class com/android/tools/idea/gradle/model/IdeArtifactName done
Event: 600.650 loading class com/android/tools/idea/gradle/model/impl/IdeMavenCoordinatesImpl
Event: 600.650 loading class com/android/tools/idea/gradle/model/impl/IdeMavenCoordinatesImpl done
Event: 600.652 loading class com/android/tools/idea/gradle/model/IdeMavenCoordinates
Event: 600.652 loading class com/android/tools/idea/gradle/model/IdeMavenCoordinates done
Event: 600.653 loading class com/android/tools/idea/gradle/project/sync/ModelCacheKt$modelCacheImpl$createFromDependencies$populateAndroidLibraries$1
Event: 600.653 loading class com/android/tools/idea/gradle/project/sync/ModelCacheKt$modelCacheImpl$createFromDependencies$populateAndroidLibraries$1 done
Event: 600.655 loading class com/android/tools/idea/gradle/model/impl/IdeAndroidLibraryCore
Event: 600.655 loading class com/android/tools/idea/gradle/model/impl/IdeAndroidLibraryCore done
Event: 600.657 loading class com/android/tools/idea/gradle/model/IdeAndroidLibrary
Event: 600.657 loading class com/android/tools/idea/gradle/model/IdeAndroidLibrary done
Event: 600.658 loading class com/android/tools/idea/gradle/model/IdeLibrary
Event: 600.658 loading class com/android/tools/idea/gradle/model/IdeLibrary done
Event: 600.660 loading class com/android/tools/idea/gradle/model/impl/IdeAndroidLibraryCore$Companion
Event: 600.660 loading class com/android/tools/idea/gradle/model/impl/IdeAndroidLibraryCore$Companion done
Event: 600.687 loading class com/android/tools/idea/gradle/project/sync/ModelCacheKt$modelCacheImpl$libraryFrom$core$6
Event: 600.687 loading class com/android/tools/idea/gradle/project/sync/ModelCacheKt$modelCacheImpl$libraryFrom$core$6 done
Event: 600.688 loading class com/android/tools/idea/gradle/model/impl/IdeAndroidLibraryImpl
Event: 600.688 loading class com/android/tools/idea/gradle/model/impl/IdeAndroidLibraryImpl done


Dynamic libraries:
0x00007ff701640000 - 0x00007ff70164a000 	C:\Program Files\Android\Android Studio\jre\bin\java.exe
0x00007ffc28260000 - 0x00007ffc28467000 	C:\Windows\SYSTEM32\ntdll.dll
0x00007ffc27a40000 - 0x00007ffc27afd000 	C:\Windows\System32\KERNEL32.DLL
0x00007ffc25870000 - 0x00007ffc25be4000 	C:\Windows\System32\KERNELBASE.dll
0x00007ffc25750000 - 0x00007ffc25861000 	C:\Windows\System32\ucrtbase.dll
0x00007ffc10270000 - 0x00007ffc10289000 	C:\Program Files\Android\Android Studio\jre\bin\jli.dll
0x00007ffc28070000 - 0x00007ffc2821c000 	C:\Windows\System32\USER32.dll
0x00007ffc25e70000 - 0x00007ffc25e96000 	C:\Windows\System32\win32u.dll
0x00007ffc27960000 - 0x00007ffc27989000 	C:\Windows\System32\GDI32.dll
0x00007ffc25f60000 - 0x00007ffc26072000 	C:\Windows\System32\gdi32full.dll
0x00007ffc25bf0000 - 0x00007ffc25c8d000 	C:\Windows\System32\msvcp_win.dll
0x00007ffc10860000 - 0x00007ffc10877000 	C:\Program Files\Android\Android Studio\jre\bin\VCRUNTIME140.dll
0x00007ffc157b0000 - 0x00007ffc15a55000 	C:\Windows\WinSxS\amd64_microsoft.windows.common-controls_6595b64144ccf1df_6.0.22000.120_none_9d947278b86cc467\COMCTL32.dll
0x00007ffc276f0000 - 0x00007ffc27793000 	C:\Windows\System32\msvcrt.dll
0x00007ffc27b90000 - 0x00007ffc27bc1000 	C:\Windows\System32\IMM32.DLL
0x00007ffc0b220000 - 0x00007ffc0b2bd000 	C:\Program Files\Android\Android Studio\jre\bin\msvcp140.dll
0x00007ffc0b2c0000 - 0x00007ffc0bd8f000 	C:\Program Files\Android\Android Studio\jre\bin\server\jvm.dll
0x00007ffc27520000 - 0x00007ffc275ce000 	C:\Windows\System32\ADVAPI32.dll
0x00007ffc26210000 - 0x00007ffc262ae000 	C:\Windows\System32\sechost.dll
0x00007ffc27c60000 - 0x00007ffc27d80000 	C:\Windows\System32\RPCRT4.dll
0x00007ffc279a0000 - 0x00007ffc279a8000 	C:\Windows\System32\PSAPI.DLL
0x00007ffc223d0000 - 0x00007ffc223d9000 	C:\Windows\SYSTEM32\WSOCK32.dll
0x00007ffc27b00000 - 0x00007ffc27b6f000 	C:\Windows\System32\WS2_32.dll
0x00007ffc205a0000 - 0x00007ffc205aa000 	C:\Windows\SYSTEM32\VERSION.dll
0x00007ffc20880000 - 0x00007ffc208b3000 	C:\Windows\SYSTEM32\WINMM.dll
0x00007ffc24940000 - 0x00007ffc24958000 	C:\Windows\SYSTEM32\kernel.appcore.dll
0x00007ffc22380000 - 0x00007ffc22391000 	C:\Program Files\Android\Android Studio\jre\bin\verify.dll
0x00007ffc0df30000 - 0x00007ffc0e151000 	C:\Windows\SYSTEM32\DBGHELP.DLL
0x00007ffc0dec0000 - 0x00007ffc0def1000 	C:\Windows\SYSTEM32\dbgcore.DLL
0x00007ffc26080000 - 0x00007ffc260ff000 	C:\Windows\System32\bcryptPrimitives.dll
0x00007ffc212d0000 - 0x00007ffc212f9000 	C:\Program Files\Android\Android Studio\jre\bin\java.dll
0x00007ffc210e0000 - 0x00007ffc210eb000 	C:\Program Files\Android\Android Studio\jre\bin\jimage.dll
0x00007ffc210c0000 - 0x00007ffc210d8000 	C:\Program Files\Android\Android Studio\jre\bin\zip.dll
0x00007ffc26650000 - 0x00007ffc26dfe000 	C:\Windows\System32\SHELL32.dll
0x00007ffc238d0000 - 0x00007ffc24137000 	C:\Windows\SYSTEM32\windows.storage.dll
0x00007ffc262d0000 - 0x00007ffc26648000 	C:\Windows\System32\combase.dll
0x00007ffc23760000 - 0x00007ffc238c6000 	C:\Windows\SYSTEM32\wintypes.dll
0x00007ffc273d0000 - 0x00007ffc274ba000 	C:\Windows\System32\SHCORE.dll
0x00007ffc274c0000 - 0x00007ffc2751d000 	C:\Windows\System32\shlwapi.dll
0x00007ffc25680000 - 0x00007ffc256a1000 	C:\Windows\SYSTEM32\profapi.dll
0x00007ffc210a0000 - 0x00007ffc210ba000 	C:\Program Files\Android\Android Studio\jre\bin\net.dll
0x00007ffc1ffe0000 - 0x00007ffc200ec000 	C:\Windows\SYSTEM32\WINHTTP.dll
0x00007ffc24d70000 - 0x00007ffc24dd7000 	C:\Windows\system32\mswsock.dll
0x00007ffc20ad0000 - 0x00007ffc20ae4000 	C:\Program Files\Android\Android Studio\jre\bin\nio.dll
0x00007ffc10d80000 - 0x00007ffc10da7000 	C:\Users\Hud\.gradle\native\8bec1ad78214c89d9ad589b4d07fe93259594b29d510b10fafb7a158f7737e5d\windows-amd64\native-platform.dll
0x00007ffc0cf80000 - 0x00007ffc0d0bd000 	C:\Users\Hud\.gradle\native\53dbd7edfb1c66fb8903c78663c9afc45aea4f116125fa6feffd364cf09443e8\windows-amd64\native-platform-file-events.dll
0x00007ffc20ac0000 - 0x00007ffc20aca000 	C:\Program Files\Android\Android Studio\jre\bin\management.dll
0x00007ffc20ab0000 - 0x00007ffc20abc000 	C:\Program Files\Android\Android Studio\jre\bin\management_ext.dll
0x00007ffc24fc0000 - 0x00007ffc24fd8000 	C:\Windows\SYSTEM32\CRYPTSP.dll
0x00007ffc248a0000 - 0x00007ffc248d5000 	C:\Windows\system32\rsaenh.dll
0x00007ffc24e60000 - 0x00007ffc24e89000 	C:\Windows\SYSTEM32\USERENV.dll
0x00007ffc25130000 - 0x00007ffc25157000 	C:\Windows\SYSTEM32\bcrypt.dll
0x00007ffc24fb0000 - 0x00007ffc24fbc000 	C:\Windows\SYSTEM32\CRYPTBASE.dll
0x00007ffc24470000 - 0x00007ffc2449d000 	C:\Windows\SYSTEM32\IPHLPAPI.DLL
0x00007ffc27270000 - 0x00007ffc27279000 	C:\Windows\System32\NSI.dll
0x00007ffc1ff00000 - 0x00007ffc1ff19000 	C:\Windows\SYSTEM32\dhcpcsvc6.DLL
0x00007ffc206e0000 - 0x00007ffc206fe000 	C:\Windows\SYSTEM32\dhcpcsvc.DLL
0x00007ffc244a0000 - 0x00007ffc24587000 	C:\Windows\SYSTEM32\DNSAPI.dll
0x00007ffc13e10000 - 0x00007ffc13e37000 	C:\Program Files\Android\Android Studio\jre\bin\sunec.dll
0x00007ffc1d560000 - 0x00007ffc1d56a000 	C:\Windows\System32\rasadhlp.dll
0x00007ffc1ddf0000 - 0x00007ffc1de71000 	C:\Windows\System32\fwpuclnt.dll
0x00007ffc23100000 - 0x00007ffc23134000 	C:\Windows\SYSTEM32\ntmarta.dll

dbghelp: loaded successfully - version: 4.0.5 - missing functions: none
symbol engine: initialized successfully - sym options: 0x614 - pdb path: .;C:\Program Files\Android\Android Studio\jre\bin;C:\Windows\SYSTEM32;C:\Windows\WinSxS\amd64_microsoft.windows.common-controls_6595b64144ccf1df_6.0.22000.120_none_9d947278b86cc467;C:\Program Files\Android\Android Studio\jre\bin\server;C:\Users\Hud\.gradle\native\8bec1ad78214c89d9ad589b4d07fe93259594b29d510b10fafb7a158f7737e5d\windows-amd64;C:\Users\Hud\.gradle\native\53dbd7edfb1c66fb8903c78663c9afc45aea4f116125fa6feffd364cf09443e8\windows-amd64

VM Arguments:
jvm_args: --add-opens=java.base/java.util=ALL-UNNAMED --add-opens=java.base/java.lang=ALL-UNNAMED --add-opens=java.base/java.lang.invoke=ALL-UNNAMED --add-opens=java.base/java.util=ALL-UNNAMED --add-opens=java.prefs/java.util.prefs=ALL-UNNAMED --add-opens=java.prefs/java.util.prefs=ALL-UNNAMED --add-opens=java.base/java.nio.charset=ALL-UNNAMED --add-opens=java.base/java.net=ALL-UNNAMED --add-opens=java.base/java.util.concurrent.atomic=ALL-UNNAMED -Xmx2048m -Dfile.encoding=UTF-8 -Duser.country=US -Duser.language=en -Duser.variant 
java_command: org.gradle.launcher.daemon.bootstrap.GradleDaemon 7.0.2
java_class_path (initial): C:\Users\Hud\.gradle\wrapper\dists\gradle-7.0.2-bin\857tjihv64xamwrf0h14cai3r\gradle-7.0.2\lib\gradle-launcher-7.0.2.jar
Launcher Type: SUN_STANDARD

[Global flags]
     intx CICompilerCount                          = 3                                         {product} {ergonomic}
     uint ConcGCThreads                            = 1                                         {product} {ergonomic}
     uint G1ConcRefinementThreads                  = 4                                         {product} {ergonomic}
   size_t G1HeapRegionSize                         = 1048576                                   {product} {ergonomic}
    uintx GCDrainStackTargetSize                   = 64                                        {product} {ergonomic}
   size_t InitialHeapSize                          = 132120576                                 {product} {ergonomic}
   size_t MarkStackSize                            = 4194304                                   {product} {ergonomic}
   size_t MaxHeapSize                              = 2147483648                                {product} {command line}
   size_t MaxNewSize                               = 1287651328                                {product} {ergonomic}
   size_t MinHeapDeltaBytes                        = 1048576                                   {product} {ergonomic}
    uintx NonNMethodCodeHeapSize                   = 5830732                                {pd product} {ergonomic}
    uintx NonProfiledCodeHeapSize                  = 122913754                              {pd product} {ergonomic}
    uintx ProfiledCodeHeapSize                     = 122913754                              {pd product} {ergonomic}
    uintx ReservedCodeCacheSize                    = 251658240                              {pd product} {ergonomic}
     bool SegmentedCodeCache                       = true                                      {product} {ergonomic}
     bool UseCompressedClassPointers               = true                                 {lp64_product} {ergonomic}
     bool UseCompressedOops                        = true                                 {lp64_product} {ergonomic}
     bool UseG1GC                                  = true                                      {product} {ergonomic}
     bool UseLargePagesIndividualAllocation        = false                                  {pd product} {ergonomic}

Logging:
Log output configuration:
 #0: stdout all=warning uptime,level,tags
 #1: stderr all=off uptime,level,tags

Environment Variables:
JAVA_HOME=C:\Users\Hud\.jdks\openjdk-17.0.1
PATH=C:\Windows\system32;C:\Windows;C:\Windows\System32\Wbem;C:\Windows\System32\WindowsPowerShell\v1.0\;C:\Windows\System32\OpenSSH\;D:\Git\cmd;C:\Users\Hud\.jdks\openjdk-17.0.1\bin;C:\Users\Hud\AppData\Local\Microsoft\WindowsApps;;C:\Program Files\JetBrains\IntelliJ IDEA Community Edition 2021.3.1\bin;;D:\PyCharm Community Edition 2021.3.1\bin;
USERNAME=Hud
OS=Windows_NT
PROCESSOR_IDENTIFIER=Intel64 Family 6 Model 126 Stepping 5, GenuineIntel



---------------  S Y S T E M  ---------------

OS: Windows 10 , 64 bit Build 22000 (10.0.22000.434)
OS uptime: 0 days 5:40 hours

CPU:total 4 (initial active 4) (2 cores per cpu, 2 threads per core) family 6 model 126 stepping 5 microcode 0xa0, cmov, cx8, fxsr, mmx, sse, sse2, sse3, ssse3, sse4.1, sse4.2, popcnt, avx, avx2, aes, clmul, erms, 3dnowpref, lzcnt, ht, tsc, tscinvbit, bmi1, bmi2, adx, evex, sha, fma

Memory: 4k page, system-wide physical 7969M (360M free)
TotalPageFile size 32545M (AvailPageFile size 6M)
current process WorkingSet (physical memory assigned to process): 418M, peak: 456M
current process commit charge ("private bytes"): 565M, peak: 567M

vm_info: OpenJDK 64-Bit Server VM (11.0.10+0-b96-7249189) for windows-amd64 JRE (11.0.10+0-b96-7249189), built on Mar 31 2021 21:44:00 by "builder" with MS VC++ 14.0 (VS2015)

END.
